<?xml version="1.0" encoding="UTF-8" ?>
<testsuite tests="6" failures="0" name="test.java.CombinedTest" time="0.878" errors="0" skipped="0">
  <properties>
[...]
</properties>
  <testcase classname="test.java.CombinedTest" name="testProcessArray" time="0.82"/>
  <testcase classname="test.java.CombinedTest" name="testPartialMockObject" time="0.038"/>
  <testcase classname="test.java.CombinedTest" name="testSwapperThrowsException" time="0.005"/>
  <testcase classname="test.java.CombinedTest" name="testNullArrayThrowsException" time="0.001"/>
  <testcase classname="test.java.CombinedTest" name="testNoSwapping" time="0.011"/>
  <testcase classname="test.java.CombinedTest" name="testNormalSwapping" time="0.003"/>
</testsuite>